\BOOKMARK [1][-]{section.1}{Acknowledgements}{}% 1
\BOOKMARK [1][-]{section.2}{Introduction}{}% 2
\BOOKMARK [2][-]{subsection.2.1}{Problem Landscape and Motivation}{section.2}% 3
\BOOKMARK [2][-]{subsection.2.2}{Existing Technologies and Products}{section.2}% 4
\BOOKMARK [2][-]{subsection.2.3}{Project End Goals}{section.2}% 5
\BOOKMARK [2][-]{subsection.2.4}{Structure}{section.2}% 6
\BOOKMARK [1][-]{section.3}{Theory and Technology}{}% 7
\BOOKMARK [2][-]{subsection.3.1}{Bluetooth Low Energy}{section.3}% 8
\BOOKMARK [1][-]{section.4}{Preliminary Research}{}% 9
\BOOKMARK [2][-]{subsection.4.1}{Radio Evaluation}{section.4}% 10
\BOOKMARK [3][-]{subsubsection.4.1.1}{nRF8001}{subsection.4.1}% 11
\BOOKMARK [3][-]{subsubsection.4.1.2}{nRF51822}{subsection.4.1}% 12
\BOOKMARK [3][-]{subsubsection.4.1.3}{CC2541}{subsection.4.1}% 13
\BOOKMARK [2][-]{subsection.4.2}{Component Selection}{section.4}% 14
\BOOKMARK [1][-]{section.5}{Specification}{}% 15
\BOOKMARK [1][-]{section.6}{Prototype Design}{}% 16
\BOOKMARK [2][-]{subsection.6.1}{Component Selection}{section.6}% 17
\BOOKMARK [1][-]{section.7}{Results}{}% 18
\BOOKMARK [1][-]{section.8}{Evaluation}{}% 19
\BOOKMARK [2][-]{subsection.8.1}{Power Analysis}{section.8}% 20
\BOOKMARK [2][-]{subsection.8.2}{Bill of materials}{section.8}% 21
\BOOKMARK [1][-]{section.9}{Conclusions and Future Work}{}% 22
\BOOKMARK [1][-]{section.10}{Final Remarks}{}% 23
\BOOKMARK [1][-]{section.11}{Bibliography}{}% 24
\BOOKMARK [1][-]{section.12}{Appendix}{}% 25
\BOOKMARK [2][-]{subsection.12.1}{Acronyms}{section.12}% 26
\BOOKMARK [1][-]{section.13}{User Guide}{}% 27
